<?xml version="1.0" encoding="UTF-8"?>
<!-- Generated by org.testng.reporters.JUnitReportReporter -->
<testsuite hostname="Aparna" failures="0" tests="1" name="testYantraNewWindow.WindowHandel" time="9.997" errors="0" timestamp="2024-03-16T19:45:42 IST" skipped="0">
  <testcase classname="testYantraNewWindow.WindowHandel" name="window" time="9.997"/>
  <system-out/>
</testsuite> <!-- testYantraNewWindow.WindowHandel -->
