<?xml version="1.0" encoding="UTF-8"?>
<!-- Generated by org.testng.reporters.JUnitReportReporter -->
<testsuite hostname="Aparna" failures="0" tests="1" name="TestYantra.Scenario14" time="13.821" errors="0" timestamp="2024-03-11T23:08:05 IST" skipped="0">
  <testcase classname="TestYantra.Scenario14" name="dropdown" time="13.821"/>
  <system-out/>
</testsuite> <!-- TestYantra.Scenario14 -->
