<?xml version="1.0" encoding="UTF-8"?>
<!-- Generated by org.testng.reporters.JUnitReportReporter -->
<testsuite hostname="Aparna" failures="0" tests="6" name="learntestng.prioprity" time="0.026" errors="0" timestamp="2024-02-09T11:30:03 IST" skipped="0">
  <testcase classname="learntestng.prioprity" name="login" time="0.010"/>
  <system-out/>
  <testcase classname="learntestng.prioprity" name="home" time="0.002"/>
  <system-out/>
  <testcase classname="learntestng.prioprity" name="product" time="0.002"/>
  <system-out/>
  <testcase classname="learntestng.prioprity" name="addtocart" time="0.003"/>
  <system-out/>
  <testcase classname="learntestng.prioprity" name="logout" time="0.005"/>
  <system-out/>
  <testcase classname="learntestng.prioprity" name="paymemet" time="0.004"/>
  <system-out/>
</testsuite> <!-- learntestng.prioprity -->
