<?xml version="1.0" encoding="UTF-8"?>
<!-- Generated by org.testng.reporters.JUnitReportReporter -->
<testsuite hostname="Aparna" failures="0" tests="1" name="TestYantra.Scenario11" time="12.156" errors="0" timestamp="2024-03-11T12:59:22 IST" skipped="0">
  <testcase classname="TestYantra.Scenario11" name="login" time="12.156"/>
  <system-out/>
</testsuite> <!-- TestYantra.Scenario11 -->
