<?xml version="1.0" encoding="UTF-8"?>
<!-- Generated by org.testng.reporters.JUnitReportReporter -->
<testsuite hostname="Aparna" failures="0" tests="1" name="testYantraPopup.notificationOnSite" time="51.792" errors="0" timestamp="2024-03-13T13:40:03 IST" skipped="0">
  <testcase classname="testYantraPopup.notificationOnSite" name="irctc" time="51.792"/>
  <system-out/>
</testsuite> <!-- testYantraPopup.notificationOnSite -->
