<?xml version="1.0" encoding="UTF-8"?>
<!-- Generated by org.testng.reporters.JUnitReportReporter -->
<testsuite hostname="Aparna" failures="0" tests="1" name="TestYantra.DragandDrop" time="10.771" errors="0" timestamp="2024-03-12T12:00:57 IST" skipped="0">
  <testcase classname="TestYantra.DragandDrop" name="drag" time="10.771"/>
  <system-out/>
</testsuite> <!-- TestYantra.DragandDrop -->
