<?xml version="1.0" encoding="UTF-8"?>
<!-- Generated by org.testng.reporters.JUnitReportReporter -->
<testsuite hostname="Aparna" failures="0" tests="1" name="TestYantra.UsingActionToRegisterPage" time="12.267" errors="0" timestamp="2024-03-12T13:31:04 IST" skipped="0">
  <testcase classname="TestYantra.UsingActionToRegisterPage" name="click" time="12.267"/>
  <system-out/>
</testsuite> <!-- TestYantra.UsingActionToRegisterPage -->
