<?xml version="1.0" encoding="UTF-8"?>
<!-- Generated by org.testng.reporters.JUnitReportReporter -->
<testsuite hostname="Aparna" failures="0" tests="1" name="testYantraKeyboardAction.UsageOfRobotClass" time="16.299" errors="0" timestamp="2024-03-15T11:20:31 IST" skipped="0">
  <testcase classname="testYantraKeyboardAction.UsageOfRobotClass" name="key" time="16.299"/>
  <system-out/>
</testsuite> <!-- testYantraKeyboardAction.UsageOfRobotClass -->
