<?xml version="1.0" encoding="UTF-8"?>
<!-- Generated by org.testng.reporters.JUnitReportReporter -->
<testsuite hostname="Aparna" failures="0" tests="1" name="TestYantra.Scenario4" time="13.557" errors="0" timestamp="2024-03-10T23:53:23 IST" skipped="0">
  <testcase classname="TestYantra.Scenario4" name="alert" time="13.557"/>
  <system-out/>
</testsuite> <!-- TestYantra.Scenario4 -->
