<?xml version="1.0" encoding="UTF-8"?>
<!-- Generated by org.testng.reporters.JUnitReportReporter -->
<testsuite hostname="Aparna" failures="0" tests="1" name="TestYantra.singleclick" time="9.942" errors="0" timestamp="2024-03-12T11:30:10 IST" skipped="0">
  <testcase classname="TestYantra.singleclick" name="rightclick" time="9.942"/>
  <system-out/>
</testsuite> <!-- TestYantra.singleclick -->
