<?xml version="1.0" encoding="UTF-8"?>
<!-- Generated by org.testng.reporters.JUnitReportReporter -->
<testsuite hostname="Aparna" failures="0" tests="1" name="TestYantraFrame.StroringAndFetchingDataUsingFrame" time="23.677" errors="0" timestamp="2024-04-07T01:07:11 IST" skipped="0">
  <testcase classname="TestYantraFrame.StroringAndFetchingDataUsingFrame" name="frame" time="23.677"/>
  <system-out/>
</testsuite> <!-- TestYantraFrame.StroringAndFetchingDataUsingFrame -->
