<?xml version="1.0" encoding="UTF-8"?>
<!-- Generated by org.testng.reporters.JUnitReportReporter -->
<testsuite hostname="Aparna" failures="0" tests="1" name="testYantraWindowhandle.WindowHandleQspider" time="18.807" errors="0" timestamp="2024-03-13T13:37:14 IST" skipped="0">
  <testcase classname="testYantraWindowhandle.WindowHandleQspider" name="irctc" time="18.807"/>
  <system-out/>
</testsuite> <!-- testYantraWindowhandle.WindowHandleQspider -->
