<?xml version="1.0" encoding="UTF-8"?>
<!-- Generated by org.testng.reporters.JUnitReportReporter -->
<testsuite hostname="Aparna" failures="0" tests="1" name="TestYantraDropdown.DropdownAscAndDescUsingArrayList" time="10.075" errors="0" timestamp="2024-03-17T12:22:45 IST" skipped="0">
  <testcase classname="TestYantraDropdown.DropdownAscAndDescUsingArrayList" name="dropdown" time="10.075"/>
  <system-out/>
</testsuite> <!-- TestYantraDropdown.DropdownAscAndDescUsingArrayList -->
