<?xml version="1.0" encoding="UTF-8"?>
<!-- Generated by org.testng.reporters.JUnitReportReporter -->
<testsuite hostname="Aparna" failures="0" tests="1" name="testYantraPopup.MicTestPopForhandlingMicroPop" time="7.741" errors="0" timestamp="2024-03-17T09:58:16 IST" skipped="0">
  <testcase classname="testYantraPopup.MicTestPopForhandlingMicroPop" name="downloadfile" time="7.741"/>
  <system-out/>
</testsuite> <!-- testYantraPopup.MicTestPopForhandlingMicroPop -->
