<?xml version="1.0" encoding="UTF-8"?>
<!-- Generated by org.testng.reporters.JUnitReportReporter -->
<testsuite hostname="Aparna" failures="0" tests="1" name="testYantraWindowhandle.WindowHandelandItertorUsingWhile" time="12.911" errors="0" timestamp="2024-03-16T20:08:29 IST" skipped="0">
  <testcase classname="testYantraWindowhandle.WindowHandelandItertorUsingWhile" name="window" time="12.911"/>
  <system-out/>
</testsuite> <!-- testYantraWindowhandle.WindowHandelandItertorUsingWhile -->
