<?xml version="1.0" encoding="UTF-8"?>
<!-- Generated by org.testng.reporters.JUnitReportReporter -->
<testsuite hostname="Aparna" failures="0" tests="1" name="TestYantra.cc$Scenario6" time="12.527" errors="0" timestamp="2024-03-11T10:16:41 IST" skipped="0">
  <testcase classname="TestYantra.cc$Scenario6" name="window" time="12.527"/>
  <system-out/>
</testsuite> <!-- TestYantra.cc$Scenario6 -->
