<?xml version="1.0" encoding="UTF-8"?>
<!-- Generated by org.testng.reporters.JUnitReportReporter -->
<testsuite hostname="Aparna" failures="0" tests="1" name="TestYantra.DragNadDropMultiple" time="20.231" errors="0" timestamp="2024-03-13T13:41:29 IST" skipped="0">
  <testcase classname="TestYantra.DragNadDropMultiple" name="drag" time="20.231"/>
  <system-out/>
</testsuite> <!-- TestYantra.DragNadDropMultiple -->
