<?xml version="1.0" encoding="UTF-8"?>
<!-- Generated by org.testng.reporters.JUnitReportReporter -->
<testsuite hostname="Aparna" failures="0" tests="1" name="TestYantra.AutomationtestingFrameshtml" time="6.839" errors="0" timestamp="2024-03-13T14:59:20 IST" skipped="0">
  <testcase classname="TestYantra.AutomationtestingFrameshtml" name="frame" time="6.839"/>
  <system-out/>
</testsuite> <!-- TestYantra.AutomationtestingFrameshtml -->
