<?xml version="1.0" encoding="UTF-8"?>
<!-- Generated by org.testng.reporters.JUnitReportReporter -->
<testsuite hostname="Aparna" failures="0" tests="1" name="TestYantra.Rightclick" time="14.324" errors="0" timestamp="2024-03-12T11:20:37 IST" skipped="0">
  <testcase classname="TestYantra.Rightclick" name="dropdown" time="14.324"/>
  <system-out/>
</testsuite> <!-- TestYantra.Rightclick -->
