<?xml version="1.0" encoding="UTF-8"?>
<!-- Generated by org.testng.reporters.JUnitReportReporter -->
<testsuite hostname="Aparna" failures="0" tests="1" name="pomrepo.CreateAndDeleteBoard" time="23.165" errors="0" timestamp="2024-02-20T12:32:00 IST" skipped="0">
  <testcase classname="pomrepo.CreateAndDeleteBoard" name="checkWhetherTheEndUserIsAbleTOCreateAndDeleteRheBoard" time="23.165"/>
  <system-out/>
</testsuite> <!-- pomrepo.CreateAndDeleteBoard -->
