<?xml version="1.0" encoding="UTF-8"?>
<!-- Generated by org.testng.reporters.JUnitReportReporter -->
<testsuite hostname="Aparna" failures="0" tests="1" name="testYantraPopup.FileUploadpopup" time="7.986" errors="0" timestamp="2024-03-18T16:20:26 IST" skipped="0">
  <testcase classname="testYantraPopup.FileUploadpopup" name="customfile" time="7.986"/>
  <system-out/>
</testsuite> <!-- testYantraPopup.FileUploadpopup -->
