<?xml version="1.0" encoding="UTF-8"?>
<!-- Generated by org.testng.reporters.JUnitReportReporter -->
<testsuite hostname="Aparna" failures="0" tests="1" name="TestYantra.DropdownAscAndDescUsingTreeList" time="10.674" errors="0" timestamp="2024-03-12T12:42:28 IST" skipped="0">
  <testcase classname="TestYantra.DropdownAscAndDescUsingTreeList" name="dropdown" time="10.674"/>
  <system-out/>
</testsuite> <!-- TestYantra.DropdownAscAndDescUsingTreeList -->
