<?xml version="1.0" encoding="UTF-8"?>
<!-- Generated by org.testng.reporters.JUnitReportReporter -->
<testsuite hostname="Aparna" failures="0" tests="1" name="testYantraPopup.Promptpopup" time="16.919" errors="0" timestamp="2024-03-13T11:16:59 IST" skipped="0">
  <testcase classname="testYantraPopup.Promptpopup" name="alert" time="16.919"/>
  <system-out/>
</testsuite> <!-- testYantraPopup.Promptpopup -->
