<?xml version="1.0" encoding="UTF-8"?>
<!-- Generated by org.testng.reporters.JUnitReportReporter -->
<testsuite hostname="Aparna" failures="0" tests="1" name="TestYantra.Scenario1" time="15.477" errors="0" timestamp="2024-03-11T12:05:50 IST" skipped="0">
  <testcase classname="TestYantra.Scenario1" name="login" time="15.477"/>
  <system-out/>
</testsuite> <!-- TestYantra.Scenario1 -->
