<?xml version="1.0" encoding="UTF-8"?>
<!-- Generated by org.testng.reporters.JUnitReportReporter -->
<testsuite hostname="Aparna" failures="0" tests="1" name="testYantraPopup.ModelPop" time="12.332" errors="0" timestamp="2024-03-14T12:21:10 IST" skipped="0">
  <testcase classname="testYantraPopup.ModelPop" name="downloadfile" time="12.332"/>
  <system-out/>
</testsuite> <!-- testYantraPopup.ModelPop -->
