<?xml version="1.0" encoding="UTF-8"?>
<!-- Generated by org.testng.reporters.JUnitReportReporter -->
<testsuite hostname="Aparna" failures="0" tests="1" name="TestYantra.Scenario2" time="16.781" errors="0" timestamp="2024-03-10T23:13:37 IST" skipped="0">
  <testcase classname="TestYantra.Scenario2" name="login" time="16.781"/>
  <system-out/>
</testsuite> <!-- TestYantra.Scenario2 -->
