<?xml version="1.0" encoding="UTF-8"?>
<!-- Generated by org.testng.reporters.JUnitReportReporter -->
<testsuite hostname="Aparna" failures="0" tests="1" name="testYantraKeyboardAction.UsageOfEnumInSendKeys" time="6.447" errors="0" timestamp="2024-03-17T12:50:42 IST" skipped="0">
  <testcase classname="testYantraKeyboardAction.UsageOfEnumInSendKeys" name="key" time="6.447"/>
  <system-out/>
</testsuite> <!-- testYantraKeyboardAction.UsageOfEnumInSendKeys -->
