<?xml version="1.0" encoding="UTF-8"?>
<!-- Generated by org.testng.reporters.JUnitReportReporter -->
<testsuite hostname="Aparna" failures="0" tests="1" name="popup.DemoCheckDownloads" time="15.712" errors="0" timestamp="2024-02-16T12:30:05 IST" skipped="0">
  <testcase classname="popup.DemoCheckDownloads" name="download" time="15.712"/>
  <system-out/>
</testsuite> <!-- popup.DemoCheckDownloads -->
