<?xml version="1.0" encoding="UTF-8"?>
<!-- Generated by org.testng.reporters.JUnitReportReporter -->
<testsuite hostname="Aparna" failures="0" tests="1" name="TestYantra.DropdownAscAndDesc" time="7.608" errors="0" timestamp="2024-03-12T10:12:20 IST" skipped="0">
  <testcase classname="TestYantra.DropdownAscAndDesc" name="dropdown" time="7.608"/>
  <system-out/>
</testsuite> <!-- TestYantra.DropdownAscAndDesc -->
