<?xml version="1.0" encoding="UTF-8"?>
<!-- Generated by org.testng.reporters.JUnitReportReporter -->
<testsuite hostname="Aparna" failures="0" tests="1" name="TestYantra.MultipleFrame" time="17.835" errors="0" timestamp="2024-03-13T04:29:09 IST" skipped="0">
  <testcase classname="TestYantra.MultipleFrame" name="frame" time="17.835"/>
  <system-out/>
</testsuite> <!-- TestYantra.MultipleFrame -->
