<?xml version="1.0" encoding="UTF-8"?>
<!-- Generated by org.testng.reporters.JUnitReportReporter -->
<testsuite hostname="Aparna" failures="0" tests="1" name="TestYantra.ActiveElement" time="19.427" errors="0" timestamp="2024-03-12T14:57:21 IST" skipped="0">
  <testcase classname="TestYantra.ActiveElement" name="click" time="19.427"/>
  <system-out/>
</testsuite> <!-- TestYantra.ActiveElement -->
