<?xml version="1.0" encoding="UTF-8"?>
<!-- Generated by org.testng.reporters.JUnitReportReporter -->
<testsuite hostname="Aparna" failures="0" tests="1" name="testYantraNewWindow.WindowHandelUsingItertor" time="14.766" errors="0" timestamp="2024-03-16T19:01:44 IST" skipped="0">
  <testcase classname="testYantraNewWindow.WindowHandelUsingItertor" name="window" time="14.766"/>
  <system-out/>
</testsuite> <!-- testYantraNewWindow.WindowHandelUsingItertor -->
