<?xml version="1.0" encoding="UTF-8"?>
<!-- Generated by org.testng.reporters.JUnitReportReporter -->
<testsuite hostname="Aparna" failures="0" tests="1" name="TestYantra.Scenario16" time="16.286" errors="0" timestamp="2024-03-11T23:16:04 IST" skipped="0">
  <testcase classname="TestYantra.Scenario16" name="dropdown" time="16.286"/>
  <system-out/>
</testsuite> <!-- TestYantra.Scenario16 -->
