<?xml version="1.0" encoding="UTF-8"?>
<!-- Generated by org.testng.reporters.JUnitReportReporter -->
<testsuite hostname="Aparna" failures="0" tests="1" name="testYantraNewWindow.WindowHandelandItertorUsingWhile" time="11.850" errors="0" timestamp="2024-03-16T19:53:40 IST" skipped="0">
  <testcase classname="testYantraNewWindow.WindowHandelandItertorUsingWhile" name="window" time="11.850"/>
  <system-out/>
</testsuite> <!-- testYantraNewWindow.WindowHandelandItertorUsingWhile -->
