<?xml version="1.0" encoding="UTF-8"?>
<!-- Generated by org.testng.reporters.JUnitReportReporter -->
<testsuite hostname="Aparna" failures="0" tests="1" name="testYantraPopup.FileDownloadInAFolder" time="10.123" errors="0" timestamp="2024-03-18T15:33:31 IST" skipped="0">
  <testcase classname="testYantraPopup.FileDownloadInAFolder" name="downloadfile" time="10.123"/>
  <system-out/>
</testsuite> <!-- testYantraPopup.FileDownloadInAFolder -->
