<?xml version="1.0" encoding="UTF-8"?>
<!-- Generated by org.testng.reporters.JUnitReportReporter -->
<testsuite hostname="Aparna" failures="0" tests="1" name="testYantraPopup.Confirmpopup" time="14.367" errors="0" timestamp="2024-03-13T10:49:03 IST" skipped="0">
  <testcase classname="testYantraPopup.Confirmpopup" name="alert" time="14.367"/>
  <system-out/>
</testsuite> <!-- testYantraPopup.Confirmpopup -->
