<?xml version="1.0" encoding="UTF-8"?>
<!-- Generated by org.testng.reporters.JUnitReportReporter -->
<testsuite hostname="Aparna" failures="0" tests="1" name="TestYantra.ScrollTO" time="6.407" errors="0" timestamp="2024-03-12T13:21:06 IST" skipped="0">
  <testcase classname="TestYantra.ScrollTO" name="click" time="6.407"/>
  <system-out/>
</testsuite> <!-- TestYantra.ScrollTO -->
