<?xml version="1.0" encoding="UTF-8"?>
<!-- Generated by org.testng.reporters.JUnitReportReporter -->
<testsuite hostname="Aparna" failures="0" tests="1" name="testYantraPopup.ModelMultiplePop" time="17.233" errors="0" timestamp="2024-03-14T12:34:19 IST" skipped="0">
  <testcase classname="testYantraPopup.ModelMultiplePop" name="downloadfile" time="17.233"/>
  <system-out/>
</testsuite> <!-- testYantraPopup.ModelMultiplePop -->
