<?xml version="1.0" encoding="UTF-8"?>
<!-- Generated by org.testng.reporters.JUnitReportReporter -->
<testsuite hostname="Aparna" failures="0" tests="1" name="TestYantra.Scenario13" time="179.046" errors="0" timestamp="2024-03-11T15:26:24 IST" skipped="0">
  <testcase classname="TestYantra.Scenario13" name="login" time="179.046"/>
  <system-out/>
</testsuite> <!-- TestYantra.Scenario13 -->
