<?xml version="1.0" encoding="UTF-8"?>
<!-- Generated by org.testng.reporters.JUnitReportReporter -->
<testsuite hostname="Aparna" failures="0" tests="1" name="TestYantraFrame.NestedMultipleFrameandFetchingData" time="7.858" errors="0" timestamp="2024-04-07T01:05:05 IST" skipped="0">
  <testcase classname="TestYantraFrame.NestedMultipleFrameandFetchingData" name="frame" time="7.858"/>
  <system-out/>
</testsuite> <!-- TestYantraFrame.NestedMultipleFrameandFetchingData -->
