<?xml version="1.0" encoding="UTF-8"?>
<!-- Generated by org.testng.reporters.JUnitReportReporter -->
<testsuite hostname="Aparna" failures="0" tests="1" name="TestYantra.NestedMultipleFrameandFetchingData" time="18.788" errors="0" timestamp="2024-03-13T11:07:27 IST" skipped="0">
  <testcase classname="TestYantra.NestedMultipleFrameandFetchingData" name="frame" time="18.788"/>
  <system-out/>
</testsuite> <!-- TestYantra.NestedMultipleFrameandFetchingData -->
