<?xml version="1.0" encoding="UTF-8"?>
<!-- Generated by org.testng.reporters.JUnitReportReporter -->
<testsuite hostname="Aparna" failures="0" tests="1" name="testYantraPopup.AuthenticationPop" time="20.113" errors="0" timestamp="2024-03-17T09:50:49 IST" skipped="0">
  <testcase classname="testYantraPopup.AuthenticationPop" name="downloadfile" time="20.113"/>
  <system-out/>
</testsuite> <!-- testYantraPopup.AuthenticationPop -->
