<?xml version="1.0" encoding="UTF-8"?>
<!-- Generated by org.testng.reporters.JUnitReportReporter -->
<testsuite hostname="Aparna" failures="0" tests="1" name="testYantraNewWindow.WindowHandelUsingFOREachANdIF" time="10.929" errors="0" timestamp="2024-03-16T10:43:08 IST" skipped="0">
  <testcase classname="testYantraNewWindow.WindowHandelUsingFOREachANdIF" name="window" time="10.929"/>
  <system-out/>
</testsuite> <!-- testYantraNewWindow.WindowHandelUsingFOREachANdIF -->
