<?xml version="1.0" encoding="UTF-8"?>
<!-- Generated by org.testng.reporters.JUnitReportReporter -->
<testsuite hostname="Aparna" failures="0" tests="1" name="TestYantraFrame.AutomationtestingFrameshtml" time="7.427" errors="0" timestamp="2024-04-06T23:58:06 IST" skipped="0">
  <testcase classname="TestYantraFrame.AutomationtestingFrameshtml" name="frame" time="7.427"/>
  <system-out/>
</testsuite> <!-- TestYantraFrame.AutomationtestingFrameshtml -->
