<?xml version="1.0" encoding="UTF-8"?>
<!-- Generated by org.testng.reporters.JUnitReportReporter -->
<testsuite hostname="Aparna" failures="0" tests="1" name="NewWindow.NewWindowOpeningMultipleTimes" time="3.418" errors="0" timestamp="2024-03-14T13:31:23 IST" skipped="0">
  <testcase classname="NewWindow.NewWindowOpeningMultipleTimes" name="window" time="3.418"/>
  <system-out/>
</testsuite> <!-- NewWindow.NewWindowOpeningMultipleTimes -->
