<?xml version="1.0" encoding="UTF-8"?>
<!-- Generated by org.testng.reporters.JUnitReportReporter -->
<testsuite hostname="Aparna" failures="0" tests="1" name="TestYantra.Scenario17" time="10.462" errors="0" timestamp="2024-03-11T23:28:38 IST" skipped="0">
  <testcase classname="TestYantra.Scenario17" name="dropdown" time="10.462"/>
  <system-out/>
</testsuite> <!-- TestYantra.Scenario17 -->
