<?xml version="1.0" encoding="UTF-8"?>
<!-- Generated by org.testng.reporters.JUnitReportReporter -->
<testsuite hostname="Aparna" failures="0" tests="1" name="testYantraWindowhandle.MultipleWindowHandleQspider" time="13.570" errors="0" timestamp="2024-03-16T21:34:17 IST" skipped="0">
  <testcase classname="testYantraWindowhandle.MultipleWindowHandleQspider" name="qspider" time="13.570"/>
  <system-out/>
</testsuite> <!-- testYantraWindowhandle.MultipleWindowHandleQspider -->
