<?xml version="1.0" encoding="UTF-8"?>
<!-- Generated by org.testng.reporters.JUnitReportReporter -->
<testsuite hostname="Aparna" failures="0" tests="1" name="TestYantra.DemoTest" time="5.014" errors="0" timestamp="2024-03-28T16:32:44 IST" skipped="0">
  <testcase classname="TestYantra.DemoTest" name="sampleTest" time="5.014"/>
  <system-out/>
</testsuite> <!-- TestYantra.DemoTest -->
