<?xml version="1.0" encoding="UTF-8"?>
<!-- Generated by org.testng.reporters.JUnitReportReporter -->
<testsuite hostname="Aparna" failures="0" tests="1" name="testYantraNewWindow.WindowHandelUsingAraayListForLoop" time="13.647" errors="0" timestamp="2024-03-16T19:37:03 IST" skipped="0">
  <testcase classname="testYantraNewWindow.WindowHandelUsingAraayListForLoop" name="window" time="13.647"/>
  <system-out/>
</testsuite> <!-- testYantraNewWindow.WindowHandelUsingAraayListForLoop -->
