<?xml version="1.0" encoding="UTF-8"?>
<!-- Generated by org.testng.reporters.JUnitReportReporter -->
<testsuite hostname="Aparna" failures="0" tests="2" name="learntestng.OrderOfExecution" time="0.021" errors="0" timestamp="2024-04-08T13:26:04 IST" skipped="0">
  <testcase classname="learntestng.OrderOfExecution" name="method12" time="0.005"/>
  <system-out/>
  <testcase classname="learntestng.OrderOfExecution" name="method1" time="0.016"/>
  <system-out/>
</testsuite> <!-- learntestng.OrderOfExecution -->
