<?xml version="1.0" encoding="UTF-8"?>
<!-- Generated by org.testng.reporters.JUnitReportReporter -->
<testsuite hostname="Aparna" failures="0" tests="1" name="testyantraScreenshot.ScreenshotOfWebdriver" time="9.068" errors="0" timestamp="2024-03-15T13:31:09 IST" skipped="0">
  <testcase classname="testyantraScreenshot.ScreenshotOfWebdriver" name="taskmanger" time="9.068"/>
  <system-out/>
</testsuite> <!-- testyantraScreenshot.ScreenshotOfWebdriver -->
