<?xml version="1.0" encoding="UTF-8"?>
<!-- Generated by org.testng.reporters.JUnitReportReporter -->
<testsuite hostname="Aparna" failures="0" tests="1" name="testYantraPopup.SavingAFileToASpecificLocationAndValidatingIt" time="9.155" errors="0" timestamp="2024-03-19T14:45:02 IST" skipped="0">
  <testcase classname="testYantraPopup.SavingAFileToASpecificLocationAndValidatingIt" name="DownloadFile" time="9.155"/>
  <system-out/>
</testsuite> <!-- testYantraPopup.SavingAFileToASpecificLocationAndValidatingIt -->
