<?xml version="1.0" encoding="UTF-8"?>
<!-- Generated by org.testng.reporters.JUnitReportReporter -->
<testsuite hostname="Aparna" failures="0" tests="3" name="learntestng.dataProveider" time="0.021" errors="0" timestamp="2024-04-05T17:48:12 IST" skipped="0">
  <testcase classname="learntestng.dataProveider" name="getData" time="0.005"/>
  <system-out/>
  <testcase classname="learntestng.dataProveider" name="getData" time="0.013"/>
  <system-out/>
  <testcase classname="learntestng.dataProveider" name="getData" time="0.003"/>
  <system-out/>
</testsuite> <!-- learntestng.dataProveider -->
