<?xml version="1.0" encoding="UTF-8"?>
<!-- Generated by org.testng.reporters.JUnitReportReporter -->
<testsuite hostname="Aparna" failures="0" tests="1" name="testYantraPopup.ModelMultiplePopGettingText" time="21.838" errors="0" timestamp="2024-03-17T09:53:49 IST" skipped="0">
  <testcase classname="testYantraPopup.ModelMultiplePopGettingText" name="downloadfile" time="21.838"/>
  <system-out/>
</testsuite> <!-- testYantraPopup.ModelMultiplePopGettingText -->
