<?xml version="1.0" encoding="UTF-8"?>
<!-- Generated by org.testng.reporters.JUnitReportReporter -->
<testsuite hostname="Aparna" failures="0" tests="1" name="NewWindow.NewWindowOpeningMultipleTimesinTabs" time="16.116" errors="0" timestamp="2024-03-14T16:28:38 IST" skipped="0">
  <testcase classname="NewWindow.NewWindowOpeningMultipleTimesinTabs" name="window" time="16.116"/>
  <system-out/>
</testsuite> <!-- NewWindow.NewWindowOpeningMultipleTimesinTabs -->
