<?xml version="1.0" encoding="UTF-8"?>
<!-- Generated by org.testng.reporters.JUnitReportReporter -->
<testsuite hostname="Aparna" failures="0" tests="1" name="TestYantra.Scenario5" time="16.214" errors="0" timestamp="2024-03-11T00:35:13 IST" skipped="0">
  <testcase classname="TestYantra.Scenario5" name="prompt" time="16.214"/>
  <system-out/>
</testsuite> <!-- TestYantra.Scenario5 -->
