<?xml version="1.0" encoding="UTF-8"?>
<!-- Generated by org.testng.reporters.JUnitReportReporter -->
<testsuite hostname="Aparna" failures="0" tests="1" name="TestYantra.MovetoElement" time="12.487" errors="0" timestamp="2024-03-12T12:36:57 IST" skipped="0">
  <testcase classname="TestYantra.MovetoElement" name="click" time="12.487"/>
  <system-out/>
</testsuite> <!-- TestYantra.MovetoElement -->
