<?xml version="1.0" encoding="UTF-8"?>
<!-- Generated by org.testng.reporters.JUnitReportReporter -->
<testsuite hostname="Aparna" failures="0" tests="1" name="TestYantra.Scenario15" time="11.329" errors="0" timestamp="2024-03-11T17:34:24 IST" skipped="0">
  <testcase classname="TestYantra.Scenario15" name="dropdown" time="11.329"/>
  <system-out/>
</testsuite> <!-- TestYantra.Scenario15 -->
