<?xml version="1.0" encoding="UTF-8"?>
<!-- Generated by org.testng.reporters.JUnitReportReporter -->
<testsuite hostname="Aparna" failures="0" tests="4" name="learntestng.Group01" time="0.030" errors="0" timestamp="2024-04-10T10:57:45 IST" skipped="0">
  <testcase classname="learntestng.Group01" name="profile" time="0.002"/>
  <system-out/>
  <testcase classname="learntestng.Group01" name="logout" time="0.008"/>
  <system-out/>
  <testcase classname="learntestng.Group01" name="forgotPSd" time="0.015"/>
  <system-out/>
  <testcase classname="learntestng.Group01" name="login" time="0.005"/>
  <system-out/>
</testsuite> <!-- learntestng.Group01 -->
