<?xml version="1.0" encoding="UTF-8"?>
<!-- Generated by org.testng.reporters.JUnitReportReporter -->
<testsuite hostname="Aparna" failures="0" tests="1" name="TestYantra.ClickAndhold" time="23.048" errors="0" timestamp="2024-03-12T12:52:10 IST" skipped="0">
  <testcase classname="TestYantra.ClickAndhold" name="click" time="23.048"/>
  <system-out/>
</testsuite> <!-- TestYantra.ClickAndhold -->
