<?xml version="1.0" encoding="UTF-8"?>
<!-- Generated by org.testng.reporters.JUnitReportReporter -->
<testsuite hostname="Aparna" failures="0" tests="1" name="TestYantra.StroringAndFetchingDataUsingFrame" time="22.805" errors="0" timestamp="2024-03-12T16:49:54 IST" skipped="0">
  <testcase classname="TestYantra.StroringAndFetchingDataUsingFrame" name="frame" time="22.805"/>
  <system-out/>
</testsuite> <!-- TestYantra.StroringAndFetchingDataUsingFrame -->
