<?xml version="1.0" encoding="UTF-8"?>
<!-- Generated by org.testng.reporters.JUnitReportReporter -->
<testsuite hostname="Aparna" failures="0" tests="3" name="learntestng.Group03" time="0.014" errors="0" timestamp="2024-04-10T10:57:45 IST" skipped="0">
  <testcase classname="learntestng.Group03" name="signUp" time="0.003"/>
  <system-out/>
  <testcase classname="learntestng.Group03" name="payement" time="0.002"/>
  <system-out/>
  <testcase classname="learntestng.Group03" name="product" time="0.009"/>
  <system-out/>
</testsuite> <!-- learntestng.Group03 -->
