<?xml version="1.0" encoding="UTF-8"?>
<!-- Generated by org.testng.reporters.JUnitReportReporter -->
<testsuite hostname="Aparna" failures="0" tests="1" name="testyantraInterviewPOintQuestion.AmazonGettingColorName" time="22.004" errors="0" timestamp="2024-03-15T15:53:34 IST" skipped="0">
  <testcase classname="testyantraInterviewPOintQuestion.AmazonGettingColorName" name="color" time="22.004"/>
  <system-out/>
</testsuite> <!-- testyantraInterviewPOintQuestion.AmazonGettingColorName -->
