<?xml version="1.0" encoding="UTF-8"?>
<!-- Generated by org.testng.reporters.JUnitReportReporter -->
<testsuite hostname="Aparna" failures="0" tests="1" name="testYantraPopup.Notificationpopup" time="11.770" errors="0" timestamp="2024-03-13T11:32:34 IST" skipped="0">
  <testcase classname="testYantraPopup.Notificationpopup" name="alert" time="11.770"/>
  <system-out/>
</testsuite> <!-- testYantraPopup.Notificationpopup -->
