<?xml version="1.0" encoding="UTF-8"?>
<!-- Generated by org.testng.reporters.JUnitReportReporter -->
<testsuite hostname="Aparna" failures="0" tests="1" name="testYantraWindowhandle.WindowHandelUsingFOREachANdIF" time="19.903" errors="0" timestamp="2024-03-18T15:05:32 IST" skipped="0">
  <testcase classname="testYantraWindowhandle.WindowHandelUsingFOREachANdIF" name="window" time="19.903"/>
  <system-out/>
</testsuite> <!-- testYantraWindowhandle.WindowHandelUsingFOREachANdIF -->
