<?xml version="1.0" encoding="UTF-8"?>
<!-- Generated by org.testng.reporters.JUnitReportReporter -->
<testsuite hostname="Aparna" failures="0" tests="1" name="testYantraWindowhandle.WindowHandelUsingItertor" time="10.024" errors="0" timestamp="2024-03-18T15:07:37 IST" skipped="0">
  <testcase classname="testYantraWindowhandle.WindowHandelUsingItertor" name="window" time="10.024"/>
  <system-out/>
</testsuite> <!-- testYantraWindowhandle.WindowHandelUsingItertor -->
