<?xml version="1.0" encoding="UTF-8"?>
<!-- Generated by org.testng.reporters.JUnitReportReporter -->
<testsuite hostname="Aparna" failures="0" tests="1" name="TestYantraFrame.NestedMultipleFrame" time="14.891" errors="0" timestamp="2024-04-07T00:26:02 IST" skipped="0">
  <testcase classname="TestYantraFrame.NestedMultipleFrame" name="frame" time="14.891"/>
  <system-out/>
</testsuite> <!-- TestYantraFrame.NestedMultipleFrame -->
