<?xml version="1.0" encoding="UTF-8"?>
<!-- Generated by org.testng.reporters.JUnitReportReporter -->
<testsuite hostname="Aparna" failures="0" tests="1" name="testyantraInterviewPOintQuestion.OpenaskManger" time="8.948" errors="0" timestamp="2024-03-15T13:07:28 IST" skipped="0">
  <testcase classname="testyantraInterviewPOintQuestion.OpenaskManger" name="taskmanger" time="8.948"/>
  <system-out/>
</testsuite> <!-- testyantraInterviewPOintQuestion.OpenaskManger -->
