<?xml version="1.0" encoding="UTF-8"?>
<!-- Generated by org.testng.reporters.JUnitReportReporter -->
<testsuite hostname="Aparna" failures="0" tests="1" name="testYantraAutoSuggestion.FlipkartAutoSuggestion" time="20.989" errors="0" timestamp="2024-03-15T18:06:18 IST" skipped="0">
  <testcase classname="testYantraAutoSuggestion.FlipkartAutoSuggestion" name="autosug" time="20.989"/>
  <system-out/>
</testsuite> <!-- testYantraAutoSuggestion.FlipkartAutoSuggestion -->
