<?xml version="1.0" encoding="UTF-8"?>
<!-- Generated by org.testng.reporters.JUnitReportReporter -->
<testsuite hostname="Aparna" failures="0" tests="1" name="TestYantraFrame.MultipleFrame" time="17.330" errors="0" timestamp="2024-04-07T01:08:51 IST" skipped="0">
  <testcase classname="TestYantraFrame.MultipleFrame" name="frame" time="17.330"/>
  <system-out/>
</testsuite> <!-- TestYantraFrame.MultipleFrame -->
