<?xml version="1.0" encoding="UTF-8"?>
<!-- Generated by org.testng.reporters.JUnitReportReporter -->
<testsuite hostname="Aparna" failures="0" tests="1" name="popup.HandlingJsPopups" time="14.311" errors="0" timestamp="2024-02-17T03:12:52 IST" skipped="0">
  <testcase classname="popup.HandlingJsPopups" name="fileDownload" time="14.311"/>
  <system-out/>
</testsuite> <!-- popup.HandlingJsPopups -->
