<?xml version="1.0" encoding="UTF-8"?>
<!-- Generated by org.testng.reporters.JUnitReportReporter -->
<testsuite hostname="Aparna" failures="0" tests="9" name="learntestng.AnnotationAndArgument" time="0.025" errors="0" timestamp="2024-02-09T11:32:06 IST" skipped="1">
  <testcase classname="learntestng.AnnotationAndArgument" name="login" time="0.009"/>
  <system-out/>
  <testcase classname="learntestng.AnnotationAndArgument" name="homepage" time="0.002"/>
  <system-out/>
  <testcase classname="learntestng.AnnotationAndArgument" name="product" time="0.002"/>
  <system-out/>
  <testcase classname="learntestng.AnnotationAndArgument" name="Payement" time="0.002"/>
  <system-out/>
  <testcase classname="learntestng.AnnotationAndArgument" name="logout" time="0.003"/>
  <system-out/>
  <testcase classname="learntestng.AnnotationAndArgument" name="logout" time="0.002"/>
  <system-out/>
  <testcase classname="learntestng.AnnotationAndArgument" name="logout" time="0.003"/>
  <system-out/>
  <testcase classname="learntestng.AnnotationAndArgument" name="logout" time="0.002"/>
  <system-out/>
  <testcase classname="learntestng.AnnotationAndArgument" name="addToCart">
    <skipped/>
  </testcase> <!-- addToCart -->
  <system-out/>
</testsuite> <!-- learntestng.AnnotationAndArgument -->
