<?xml version="1.0" encoding="UTF-8"?>
<!-- Generated by org.testng.reporters.JUnitReportReporter -->
<testsuite hostname="Aparna" failures="0" tests="1" name="TestYantra.Scenario9" time="8.484" errors="0" timestamp="2024-03-11T01:44:07 IST" skipped="0">
  <testcase classname="TestYantra.Scenario9" name="autheticationwindow" time="8.484"/>
  <system-out/>
</testsuite> <!-- TestYantra.Scenario9 -->
