<?xml version="1.0" encoding="UTF-8"?>
<!-- Generated by org.testng.reporters.JUnitReportReporter -->
<testsuite hostname="Aparna" failures="0" tests="1" name="check.Demo" time="13.039" errors="0" timestamp="2024-02-20T11:50:19 IST" skipped="0">
  <testcase classname="check.Demo" name="checkBaseClass" time="13.039"/>
  <system-out/>
</testsuite> <!-- check.Demo -->
