<?xml version="1.0" encoding="UTF-8"?>
<!-- Generated by org.testng.reporters.JUnitReportReporter -->
<testsuite hostname="Aparna" failures="0" tests="3" name="learntestng.Group02" time="0.039" errors="0" timestamp="2024-04-10T10:57:45 IST" skipped="0">
  <testcase classname="learntestng.Group02" name="friendRequest" time="0.016"/>
  <system-out/>
  <testcase classname="learntestng.Group02" name="createNewAccount" time="0.015"/>
  <system-out/>
  <testcase classname="learntestng.Group02" name="home" time="0.008"/>
  <system-out/>
</testsuite> <!-- learntestng.Group02 -->
