<?xml version="1.0" encoding="UTF-8"?>
<!-- Generated by org.testng.reporters.JUnitReportReporter -->
<testsuite hostname="Aparna" failures="0" tests="1" name="TestYantra.Scenario10" time="4.879" errors="0" timestamp="2024-03-11T01:49:14 IST" skipped="0">
  <testcase classname="TestYantra.Scenario10" name="autheticationwindow" time="4.879"/>
  <system-out/>
</testsuite> <!-- TestYantra.Scenario10 -->
