<?xml version="1.0" encoding="UTF-8"?>
<!-- Generated by org.testng.reporters.JUnitReportReporter -->
<testsuite hostname="Aparna" failures="0" tests="5" name="learntestng.No" time="61.106" errors="0" timestamp="2024-04-05T16:37:42 IST" skipped="0">
  <testcase classname="learntestng.No" name="facebook" time="4.473"/>
  <system-out/>
  <testcase classname="learntestng.No" name="linkdin" time="16.769"/>
  <system-out>
    <![CDATA[-----done-----------]]>
  </system-out>
  <testcase classname="learntestng.No" name="linkdin" time="16.138"/>
  <system-out>
    <![CDATA[-----done-----------]]>
  </system-out>
  <testcase classname="learntestng.No" name="linkdin" time="15.828"/>
  <system-out>
    <![CDATA[-----done-----------]]>
  </system-out>
  <testcase classname="learntestng.No" name="instagram" time="7.898"/>
  <system-out/>
</testsuite> <!-- learntestng.No -->
