<?xml version="1.0" encoding="UTF-8"?>
<!-- Generated by org.testng.reporters.JUnitReportReporter -->
<testsuite hostname="Aparna" failures="0" tests="1" name="testyantraJavaScriptExecutor.JSExecutorForStyling" time="88.072" errors="0" timestamp="2024-03-17T04:10:59 IST" skipped="0">
  <testcase classname="testyantraJavaScriptExecutor.JSExecutorForStyling" name="highlight" time="88.072"/>
  <system-out/>
</testsuite> <!-- testyantraJavaScriptExecutor.JSExecutorForStyling -->
