<?xml version="1.0" encoding="UTF-8"?>
<!-- Generated by org.testng.reporters.JUnitReportReporter -->
<testsuite hostname="Aparna" failures="0" tests="1" name="TestYantra.FrameusingStringName" time="17.561" errors="0" timestamp="2024-03-12T15:27:00 IST" skipped="0">
  <testcase classname="TestYantra.FrameusingStringName" name="frame" time="17.561"/>
  <system-out/>
</testsuite> <!-- TestYantra.FrameusingStringName -->
