<?xml version="1.0" encoding="UTF-8"?>
<!-- Generated by org.testng.reporters.JUnitReportReporter -->
<testsuite hostname="Aparna" failures="0" tests="1" name="testYantaJavaScriptExecutor.JavaScriptMethod" time="6.087" errors="0" timestamp="2024-03-14T17:48:17 IST" skipped="0">
  <testcase classname="testYantaJavaScriptExecutor.JavaScriptMethod" name="lauchingBrowser" time="6.087"/>
  <system-out/>
</testsuite> <!-- testYantaJavaScriptExecutor.JavaScriptMethod -->
